\BOOKMARK [1][-]{section.1}{\376\377\0004\000\040\137\025\212\000}{}% 1
\BOOKMARK [2][-]{subsection.1.1}{\376\377\210\114\116\032\165\333\160\271}{section.1}% 2
\BOOKMARK [2][-]{subsection.1.2}{\376\377\134\017\152\041\127\213\000+\131\047\152\041\127\213\166\204\123\117\117\134\203\003\137\017}{section.1}% 3
\BOOKMARK [2][-]{subsection.1.3}{\376\377\147\054\145\207\215\041\163\056}{section.1}% 4
\BOOKMARK [1][-]{section.2}{\376\377\0004\000\040\166\370\121\163\135\345\117\134}{}% 5
\BOOKMARK [2][-]{subsection.2.1}{\376\377\232\330\220\037\121\154\215\357\137\002\136\070\116\213\116\366\150\300\155\113}{section.2}% 6
\BOOKMARK [2][-]{subsection.2.2}{\376\377\127\372\116\216\215\337\216\052\166\204\137\002\136\070\150\300\155\113}{section.2}% 7
\BOOKMARK [2][-]{subsection.2.3}{\376\377\211\306\211\311\131\047\152\041\127\213\127\050\166\321\143\247\116\055\166\204\136\224\165\050}{section.2}% 8
\BOOKMARK [1][-]{section.3}{\376\377\0004\000\040\145\271\154\325\213\276\213\241}{}% 9
\BOOKMARK [2][-]{subsection.3.1}{\376\377\174\373\176\337\140\073\117\123\147\266\147\204}{section.3}% 10
\BOOKMARK [2][-]{subsection.3.2}{\376\377\177\121\150\074\123\026\145\366\172\172\167\351\226\065}{section.3}% 11
\BOOKMARK [2][-]{subsection.3.3}{\376\377\220\037\136\246\217\307\156\344\116\016\232\330\145\257\122\240\147\103\175\057\122\240}{section.3}% 12
\BOOKMARK [3][-]{subsubsection.3.3.1}{\376\377\220\037\136\246\213\241\173\227}{subsection.3.3}% 13
\BOOKMARK [3][-]{subsubsection.3.3.2}{\376\377\220\037\136\246\217\307\156\344\211\304\122\031}{subsection.3.3}% 14
\BOOKMARK [3][-]{subsubsection.3.3.3}{\376\377\232\330\145\257\122\240\147\103\175\057\122\240}{subsection.3.3}% 15
\BOOKMARK [2][-]{subsection.3.4}{\376\377\150\257\136\246\210\160\121\317\173\126\165\145}{section.3}% 16
\BOOKMARK [2][-]{subsection.3.5}{\376\377\172\172\225\364\200\132\174\173\116\016\120\031\220\011\150\106\165\037\142\020}{section.3}% 17
\BOOKMARK [2][-]{subsection.3.6}{\376\377\225\355\163\257\173\241\164\006\147\072\122\066}{section.3}% 18
\BOOKMARK [2][-]{subsection.3.7}{\376\377\172\172\225\364\121\267\123\164\147\072\122\066}{section.3}% 19
\BOOKMARK [2][-]{subsection.3.8}{\376\377\116\256\136\246\201\352\220\002\136\224\150\300\155\113}{section.3}% 20
\BOOKMARK [1][-]{section.4}{\376\377\0004\000\040\133\236\232\214\116\016\122\006\147\220}{}% 21
\BOOKMARK [2][-]{subsection.4.1}{\376\377\133\236\232\214\213\276\177\156}{section.4}% 22
\BOOKMARK [2][-]{subsection.4.2}{\376\377\133\236\232\214\176\323\147\234}{section.4}% 23
\BOOKMARK [2][-]{subsection.4.3}{\376\377\160\355\122\233\126\376\146\362\176\277}{section.4}% 24
\BOOKMARK [2][-]{subsection.4.4}{\376\377\155\210\207\215\133\236\232\214}{section.4}% 25
\BOOKMARK [2][-]{subsection.4.5}{\376\377\213\250\213\272}{section.4}% 26
\BOOKMARK [2][-]{subsection.4.6}{\376\377\124\021\177\023\210\114\116\016\142\345\130\065\213\306\122\053\166\204\142\323\134\125\136\224\165\050}{section.4}% 27
\BOOKMARK [1][-]{section.5}{\376\377\0004\000\040\176\323\213\272}{}% 28
